{"message":"Bank Application Launch URL.","level":"info","service":"user-service"}
{"message":"Customer Login Button clicked.","level":"info","service":"user-service"}
{"message":"Name of Customer Harry Potter is selected.","level":"info","service":"user-service"}
{"message":"Customer Login button clicked.","level":"info","service":"user-service"}
{"message":"Bank Application Launch URL.","level":"info"}
{"message":"Customer Login Button clicked.","level":"info"}
{"message":"Name of Customer Harry Potter is selected.","level":"info"}
{"message":"Customer Login button clicked.","level":"info"}
{"message":"Account number 1004 is clicked.","level":"info"}
{"message":"Account number 1005 is clicked.","level":"info"}
{"message":"Account number 1006 is clicked.","level":"info"}
{"message":"Bank Application Launch URL.","level":"info"}
{"message":"Customer Login Button clicked.","level":"info"}
{"message":"Name of Customer Harry Potter is selected.","level":"info"}
{"message":"Customer Login button clicked.","level":"info"}
{"message":"Account number 1004 is clicked.","level":"info"}
{"message":"Account number 1005 is clicked.","level":"info"}
{"message":"Account number 1006 is clicked.","level":"info"}
{"message":"Transaction detail is empty.","level":"info"}
{"message":"Home Button is clicked.","level":"info"}
{"message":"Customer Login button clicked.","level":"info"}
{"message":"Name of Customer Harry Potter is selected.","level":"info"}
{"message":"Customer Login button clicked.","level":"info"}
{"message":"Account number 1006 is clicked.","level":"info"}
{"message":"Deposit button is clicked.","level":"info"}
{"message":"deposit amount added.","level":"info"}
{"message":"deposit submit button is clicked.","level":"info"}
{"message":"deposit successful message displayed.","level":"info"}
{"message":"Bank Application Launch URL.","level":"info"}
{"message":"Customer Login Button clicked.","level":"info"}
{"message":"Name of Customer Harry Potter is selected.","level":"info"}
{"message":"Customer Login button clicked.","level":"info"}
{"message":"Account number 1004 is clicked.","level":"info"}
{"message":"Account number 1005 is clicked.","level":"info"}
{"message":"Account number 1006 is clicked.","level":"info"}
{"message":"Transaction detail is empty.","level":"info"}
{"message":"Home Button is clicked.","level":"info"}
{"message":"Customer Login button clicked.","level":"info"}
{"message":"Name of Customer Harry Potter is selected.","level":"info"}
{"message":"Customer Login button clicked.","level":"info"}
{"message":"Account number 1006 is clicked.","level":"info"}
{"message":"Deposit button is clicked.","level":"info"}
{"message":"deposit amount added.","level":"info"}
{"message":"deposit submit button is clicked.","level":"info"}
{"message":"deposit successful message displayed.","level":"info"}
{"message":"transaction button clicked.","level":"info"}
{"message":"Bank Application Launch URL.","level":"info"}
{"message":"Customer Login Button clicked.","level":"info"}
{"message":"Name of Customer Harry Potter is selected.","level":"info"}
{"message":"Customer Login button clicked.","level":"info"}
{"message":"Account number 1004 is clicked.","level":"info"}
{"message":"Account number 1005 is clicked.","level":"info"}
{"message":"Account number 1006 is clicked.","level":"info"}
{"message":"Transaction detail is empty.","level":"info"}
{"message":"Home Button is clicked.","level":"info"}
{"message":"Customer Login button clicked.","level":"info"}
{"message":"Name of Customer Harry Potter is selected.","level":"info"}
{"message":"Customer Login button clicked.","level":"info"}
{"message":"Account number 1006 is clicked.","level":"info"}
{"message":"Deposit button is clicked.","level":"info"}
{"message":"deposit amount added.","level":"info"}
{"message":"deposit submit button is clicked.","level":"info"}
{"message":"deposit successful message displayed.","level":"info"}
{"message":"transaction button clicked.","level":"info"}
{"message":"Bank Application Launch URL.","level":"info"}
{"message":"Customer Login Button clicked.","level":"info"}
{"message":"Name of Customer Harry Potter is selected.","level":"info"}
{"message":"Customer Login button clicked.","level":"info"}
{"message":"Account number 1004 is clicked.","level":"info"}
{"message":"Account number 1005 is clicked.","level":"info"}
{"message":"Account number 1006 is clicked.","level":"info"}
{"message":"Transaction detail is empty.","level":"info"}
{"message":"Home Button is clicked.","level":"info"}
{"message":"Customer Login button clicked.","level":"info"}
{"message":"Name of Customer Harry Potter is selected.","level":"info"}
{"message":"Customer Login button clicked.","level":"info"}
{"message":"Account number 1006 is clicked.","level":"info"}
{"message":"Deposit button is clicked.","level":"info"}
{"message":"deposit amount added.","level":"info"}
{"message":"deposit submit button is clicked.","level":"info"}
{"message":"deposit successful message displayed.","level":"info"}
{"message":"transaction button clicked.","level":"info"}
{"message":"Bank Application Launch URL.","level":"info"}
{"message":"Customer Login Button clicked.","level":"info"}
{"message":"Name of Customer Harry Potter is selected.","level":"info"}
{"message":"Customer Login button clicked.","level":"info"}
{"message":"Account number 1004 is clicked.","level":"info"}
{"message":"Account number 1005 is clicked.","level":"info"}
{"message":"Account number 1006 is clicked.","level":"info"}
{"message":"Transaction detail is empty.","level":"info"}
{"message":"Home Button is clicked.","level":"info"}
{"message":"Customer Login button clicked.","level":"info"}
{"message":"Name of Customer Harry Potter is selected.","level":"info"}
{"message":"Customer Login button clicked.","level":"info"}
{"message":"Account number 1006 is clicked.","level":"info"}
{"message":"Deposit button is clicked.","level":"info"}
{"message":"deposit amount added.","level":"info"}
{"message":"deposit submit button is clicked.","level":"info"}
{"message":"deposit successful message displayed.","level":"info"}
{"message":"transaction button clicked.","level":"info"}
{"message":"Bank Application Launch URL.","level":"info"}
{"message":"Customer Login Button clicked.","level":"info"}
{"message":"Name of Customer Harry Potter is selected.","level":"info"}
{"message":"Customer Login button clicked.","level":"info"}
{"message":"Account number 1004 is clicked.","level":"info"}
{"message":"Account number 1005 is clicked.","level":"info"}
{"message":"Account number 1006 is clicked.","level":"info"}
{"message":"Transaction detail is empty.","level":"info"}
{"message":"Home Button is clicked.","level":"info"}
{"message":"Customer Login button clicked.","level":"info"}
{"message":"Name of Customer Harry Potter is selected.","level":"info"}
{"message":"Customer Login button clicked.","level":"info"}
{"message":"Account number 1006 is clicked.","level":"info"}
{"message":"Deposit button is clicked.","level":"info"}
{"message":"deposit amount added.","level":"info"}
{"message":"deposit submit button is clicked.","level":"info"}
{"message":"deposit successful message displayed.","level":"info"}
{"message":"transaction button clicked.","level":"info"}
{"message":"Bank Application Launch URL.","level":"info"}
{"message":"Customer Login Button clicked.","level":"info"}
{"message":"Name of Customer Harry Potter is selected.","level":"info"}
{"message":"Customer Login button clicked.","level":"info"}
{"message":"Account number 1004 is clicked.","level":"info"}
{"message":"Account number 1005 is clicked.","level":"info"}
{"message":"Account number 1006 is clicked.","level":"info"}
{"message":"Transaction detail is empty.","level":"info"}
{"message":"Home Button is clicked.","level":"info"}
{"message":"Customer Login button clicked.","level":"info"}
{"message":"Name of Customer Harry Potter is selected.","level":"info"}
{"message":"Customer Login button clicked.","level":"info"}
{"message":"Account number 1006 is clicked.","level":"info"}
{"message":"Deposit button is clicked.","level":"info"}
{"message":"deposit amount added.","level":"info"}
{"message":"deposit submit button is clicked.","level":"info"}
{"message":"deposit successful message displayed.","level":"info"}
{"message":"transaction button clicked.","level":"info"}
{"message":"Bank Application Launch URL.","level":"info"}
{"message":"Customer Login Button clicked.","level":"info"}
{"message":"Name of Customer Harry Potter is selected.","level":"info"}
{"message":"Customer Login button clicked.","level":"info"}
{"message":"Account number 1004 is clicked.","level":"info"}
{"message":"Account number 1005 is clicked.","level":"info"}
{"message":"Account number 1006 is clicked.","level":"info"}
{"message":"Transaction detail is empty.","level":"info"}
{"message":"Home Button is clicked.","level":"info"}
{"message":"Customer Login button clicked.","level":"info"}
{"message":"Name of Customer Harry Potter is selected.","level":"info"}
{"message":"Customer Login button clicked.","level":"info"}
{"message":"Account number 1006 is clicked.","level":"info"}
{"message":"Deposit button is clicked.","level":"info"}
{"message":"deposit amount added.","level":"info"}
{"message":"deposit submit button is clicked.","level":"info"}
{"message":"deposit successful message displayed.","level":"info"}
{"message":"transaction button clicked.","level":"info"}
{"message":"Table contents are present.","level":"info"}
{"message":"Bank Application Launch URL.","level":"info"}
{"message":"Customer Login Button clicked.","level":"info"}
{"message":"Name of Customer Harry Potter is selected.","level":"info"}
{"message":"Customer Login button clicked.","level":"info"}
{"message":"Account number 1004 is clicked.","level":"info"}
{"message":"Account number 1005 is clicked.","level":"info"}
{"message":"Account number 1006 is clicked.","level":"info"}
{"message":"Transaction detail is empty.","level":"info"}
{"message":"Home Button is clicked.","level":"info"}
{"message":"Customer Login button clicked.","level":"info"}
{"message":"Name of Customer Harry Potter is selected.","level":"info"}
{"message":"Customer Login button clicked.","level":"info"}
{"message":"Account number 1006 is clicked.","level":"info"}
{"message":"Deposit button is clicked.","level":"info"}
{"message":"deposit amount added.","level":"info"}
{"message":"deposit submit button is clicked.","level":"info"}
{"message":"deposit successful message displayed.","level":"info"}
{"message":"transaction button clicked.","level":"info"}
{"message":"Table contents are present.","level":"info"}
{"message":"Bank Application Launch URL.","level":"info"}
{"message":"Customer Login Button clicked.","level":"info"}
{"message":"Name of Customer Harry Potter is selected.","level":"info"}
{"message":"Customer Login button clicked.","level":"info"}
{"message":"Account number 1004 is clicked.","level":"info"}
{"message":"Account number 1005 is clicked.","level":"info"}
{"message":"Account number 1006 is clicked.","level":"info"}
{"message":"Transaction detail is empty.","level":"info"}
{"message":"Home Button is clicked.","level":"info"}
{"message":"Customer Login button clicked.","level":"info"}
{"message":"Name of Customer Harry Potter is selected.","level":"info"}
{"message":"Customer Login button clicked.","level":"info"}
{"message":"Account number 1006 is clicked.","level":"info"}
{"message":"Deposit button is clicked.","level":"info"}
{"message":"deposit amount added.","level":"info"}
{"message":"deposit submit button is clicked.","level":"info"}
{"message":"deposit successful message displayed.","level":"info"}
{"message":"transaction button clicked.","level":"info"}
{"message":"Table contents are present.","level":"info"}
{"message":"Bank Application Launch URL.","level":"info"}
{"message":"Customer Login Button clicked.","level":"info"}
{"message":"Name of Customer Harry Potter is selected.","level":"info"}
{"message":"Customer Login button clicked.","level":"info"}
{"message":"Account number 1004 is clicked.","level":"info"}
{"message":"Account number 1005 is clicked.","level":"info"}
{"message":"Account number 1006 is clicked.","level":"info"}
{"message":"Bank Application Launch URL.","level":"info"}
{"message":"Customer Login Button clicked.","level":"info"}
{"message":"Name of Customer Harry Potter is selected.","level":"info"}
{"message":"Customer Login button clicked.","level":"info"}
{"message":"Account number 1004 is clicked.","level":"info"}
{"message":"Account number 1005 is clicked.","level":"info"}
{"message":"Account number 1006 is clicked.","level":"info"}
{"message":"Transaction detail is empty.","level":"info"}
{"message":"Home Button is clicked.","level":"info"}
{"message":"Customer Login button clicked.","level":"info"}
{"message":"Name of Customer Harry Potter is selected.","level":"info"}
{"message":"Customer Login button clicked.","level":"info"}
{"message":"Account number 1006 is clicked.","level":"info"}
{"message":"Deposit button is clicked.","level":"info"}
{"message":"deposit amount added.","level":"info"}
{"message":"deposit submit button is clicked.","level":"info"}
{"message":"deposit successful message displayed.","level":"info"}
{"message":"transaction button clicked.","level":"info"}
{"message":"Table contents are present.","level":"info"}
{"message":"Bank Application Launch URL.","level":"info"}
{"message":"Customer Login Button clicked.","level":"info"}
{"message":"Name of Customer Harry Potter is selected.","level":"info"}
{"message":"Customer Login button clicked.","level":"info"}
{"message":"Account number 1004 is clicked.","level":"info"}
{"message":"Account number 1005 is clicked.","level":"info"}
{"message":"Account number 1006 is clicked.","level":"info"}
{"message":"Transaction detail is empty.","level":"info"}
{"message":"Home Button is clicked.","level":"info"}
{"message":"Customer Login button clicked.","level":"info"}
{"message":"Name of Customer Harry Potter is selected.","level":"info"}
{"message":"Customer Login button clicked.","level":"info"}
{"message":"Account number 1006 is clicked.","level":"info"}
{"message":"Deposit button is clicked.","level":"info"}
{"message":"deposit amount added.","level":"info"}
{"message":"deposit submit button is clicked.","level":"info"}
{"message":"deposit successful message displayed.","level":"info"}
{"message":"transaction button clicked.","level":"info"}
{"message":"Table contents are present.","level":"info"}
{"message":"Bank Application Launch URL.","level":"info"}
{"message":"Customer Login Button clicked.","level":"info"}
{"message":"Name of Customer Harry Potter is selected.","level":"info"}
{"message":"Customer Login button clicked.","level":"info"}
{"message":"Account number 1004 is clicked.","level":"info"}
{"message":"Account number 1005 is clicked.","level":"info"}
{"message":"Account number 1006 is clicked.","level":"info"}
{"message":"Transaction detail is empty.","level":"info"}
{"message":"Home Button is clicked.","level":"info"}
{"message":"Customer Login button clicked.","level":"info"}
{"message":"Name of Customer Harry Potter is selected.","level":"info"}
{"message":"Customer Login button clicked.","level":"info"}
{"message":"Account number 1006 is clicked.","level":"info"}
{"message":"Deposit button is clicked.","level":"info"}
{"message":"deposit amount added.","level":"info"}
{"message":"deposit submit button is clicked.","level":"info"}
{"message":"deposit successful message displayed.","level":"info"}
{"message":"transaction button clicked.","level":"info"}
{"message":"Table contents are present.","level":"info"}
{"message":"Bank Application Launch URL.","level":"info"}
{"message":"Customer Login Button clicked.","level":"info"}
{"message":"Name of Customer Harry Potter is selected.","level":"info"}
{"message":"Customer Login button clicked.","level":"info"}
{"message":"Account number 1004 is clicked.","level":"info"}
{"message":"Account number 1005 is clicked.","level":"info"}
{"message":"Account number 1006 is clicked.","level":"info"}
{"message":"Transaction detail is empty.","level":"info"}
{"message":"Home Button is clicked.","level":"info"}
{"message":"Customer Login button clicked.","level":"info"}
{"message":"Name of Customer Harry Potter is selected.","level":"info"}
{"message":"Customer Login button clicked.","level":"info"}
{"message":"Account number 1006 is clicked.","level":"info"}
{"message":"Deposit button is clicked.","level":"info"}
{"message":"deposit amount added.","level":"info"}
{"message":"deposit submit button is clicked.","level":"info"}
{"message":"deposit successful message displayed.","level":"info"}
{"message":"transaction button clicked.","level":"info"}
{"message":"Table contents are present.","level":"info"}
{"message":"Bank Application Launch URL.","level":"info"}
{"message":"Customer Login Button clicked.","level":"info"}
{"message":"Name of Customer Harry Potter is selected.","level":"info"}
{"message":"Customer Login button clicked.","level":"info"}
{"message":"Account number 1004 is clicked.","level":"info"}
{"message":"Account number 1005 is clicked.","level":"info"}
{"message":"Account number 1006 is clicked.","level":"info"}
{"message":"Transaction detail is empty.","level":"info"}
{"message":"Bank Application Launch URL.","level":"info"}
{"message":"Customer Login Button clicked.","level":"info"}
{"message":"Name of Customer Harry Potter is selected.","level":"info"}
{"message":"Customer Login button clicked.","level":"info"}
{"message":"Account number 1004 is clicked.","level":"info"}
{"message":"Account number 1005 is clicked.","level":"info"}
{"message":"Account number 1006 is clicked.","level":"info"}
{"message":"Transaction detail is empty.","level":"info"}
{"message":"Bank Application Launch URL.","level":"info"}
{"message":"Customer Login Button clicked.","level":"info"}
{"message":"Name of Customer Harry Potter is selected.","level":"info"}
{"message":"Customer Login button clicked.","level":"info"}
{"message":"Account number 1004 is clicked.","level":"info"}
{"message":"Account number 1005 is clicked.","level":"info"}
{"message":"Account number 1006 is clicked.","level":"info"}
{"message":"Transaction detail is empty.","level":"info"}
{"message":"Bank Application Launch URL.","level":"info"}
{"message":"Customer Login Button clicked.","level":"info"}
{"message":"Name of Customer Harry Potter is selected.","level":"info"}
{"message":"Customer Login button clicked.","level":"info"}
{"message":"Account number 1004 is clicked.","level":"info"}
{"message":"Account number 1005 is clicked.","level":"info"}
{"message":"Account number 1006 is clicked.","level":"info"}
{"message":"Transaction detail is empty.","level":"info"}
{"message":"Back Button is clicked.","level":"info"}
{"message":"Bank Application Launch URL.","level":"info"}
{"message":"Customer Login Button clicked.","level":"info"}
{"message":"Name of Customer Harry Potter is selected.","level":"info"}
{"message":"Customer Login button clicked.","level":"info"}
{"message":"Account number 1004 is clicked.","level":"info"}
{"message":"Account number 1005 is clicked.","level":"info"}
{"message":"Account number 1006 is clicked.","level":"info"}
{"message":"Transaction detail is empty.","level":"info"}
{"message":"Back Button is clicked.","level":"info"}
{"message":"Account number 1006 is clicked.","level":"info"}
{"message":"Deposit button is clicked.","level":"info"}
{"message":"deposit amount added.","level":"info"}
{"message":"deposit submit button is clicked.","level":"info"}
{"message":"deposit successful message displayed.","level":"info"}
{"message":"transaction button clicked.","level":"info"}
{"message":"Table contents are present.","level":"info"}
{"message":"Bank Application Launch URL.","level":"info"}
{"message":"Customer Login Button clicked.","level":"info"}
{"message":"Name of Customer Harry Potter is selected.","level":"info"}
{"message":"Customer Login button clicked.","level":"info"}
{"message":"Account number 1004 is clicked.","level":"info"}
{"message":"Account number 1005 is clicked.","level":"info"}
{"message":"Account number 1006 is clicked.","level":"info"}
{"message":"Transaction detail is empty.","level":"info"}
{"message":"Back Button is clicked.","level":"info"}
{"message":"Account number 1006 is clicked.","level":"info"}
{"message":"Deposit button is clicked.","level":"info"}
{"message":"deposit amount added.","level":"info"}
{"message":"deposit submit button is clicked.","level":"info"}
{"message":"deposit successful message displayed.","level":"info"}
{"message":"transaction button clicked.","level":"info"}
{"message":"Table contents are present.","level":"info"}
{"message":"Bank Application Launch URL.","level":"info"}
{"message":"Customer Login Button clicked.","level":"info"}
{"message":"Name of Customer Harry Potter is selected.","level":"info"}
{"message":"Customer Login button clicked.","level":"info"}
{"message":"Account number 1004 is clicked.","level":"info"}
{"message":"Account number 1005 is clicked.","level":"info"}
{"message":"Account number 1006 is clicked.","level":"info"}
{"message":"Transaction detail is empty.","level":"info"}
{"message":"Back Button is clicked.","level":"info"}
{"message":"Account number 1006 is clicked.","level":"info"}
{"message":"Deposit button is clicked.","level":"info"}
{"message":"deposit amount added.","level":"info"}
{"message":"deposit submit button is clicked.","level":"info"}
{"message":"deposit successful message displayed.","level":"info"}
{"message":"transaction button clicked.","level":"info"}
{"message":"Table contents are present.","level":"info"}
{"message":"Bank Application Launch URL.","level":"info"}
{"message":"Customer Login Button clicked.","level":"info"}
{"message":"Name of Customer Harry Potter is selected.","level":"info"}
{"message":"Customer Login button clicked.","level":"info"}
{"message":"Account number 1004 is clicked.","level":"info"}
{"message":"Account number 1005 is clicked.","level":"info"}
{"message":"Account number 1006 is clicked.","level":"info"}
{"message":"Transaction detail is empty.","level":"info"}
{"message":"Back Button is clicked.","level":"info"}
{"message":"Account number 1006 is clicked.","level":"info"}
{"message":"Deposit button is clicked.","level":"info"}
{"message":"deposit amount added.","level":"info"}
{"message":"deposit submit button is clicked.","level":"info"}
{"message":"deposit successful message displayed.","level":"info"}
{"message":"transaction button clicked.","level":"info"}
{"message":"Table contents are present.","level":"info"}
{"message":"Bank Application Launch URL.","level":"info"}
{"message":"Customer Login Button clicked.","level":"info"}
{"message":"Name of Customer Harry Potter is selected.","level":"info"}
{"message":"Customer Login button clicked.","level":"info"}
{"message":"Account number 1004 is clicked.","level":"info"}
{"message":"Account number 1005 is clicked.","level":"info"}
{"message":"Account number 1006 is clicked.","level":"info"}
{"message":"Transaction detail is empty.","level":"info"}
{"message":"Back Button is clicked.","level":"info"}
{"message":"Account number 1006 is clicked.","level":"info"}
{"message":"Deposit button is clicked.","level":"info"}
{"message":"deposit amount added.","level":"info"}
{"message":"deposit submit button is clicked.","level":"info"}
{"message":"deposit successful message displayed.","level":"info"}
{"message":"transaction button clicked.","level":"info"}
{"message":"Table contents are present.","level":"info"}
{"message":"Bank Application Launch URL.","level":"info"}
{"message":"Customer Login Button clicked.","level":"info"}
{"message":"Name of Customer Harry Potter is selected.","level":"info"}
{"message":"Customer Login button clicked.","level":"info"}
{"message":"Account number 1004 is clicked.","level":"info"}
{"message":"Account number 1005 is clicked.","level":"info"}
{"message":"Account number 1006 is clicked.","level":"info"}
{"message":"Transaction detail is empty.","level":"info"}
{"message":"Back Button is clicked.","level":"info"}
{"message":"Account number 1006 is clicked.","level":"info"}
{"message":"Deposit button is clicked.","level":"info"}
{"message":"deposit amount added.","level":"info"}
{"message":"deposit submit button is clicked.","level":"info"}
{"message":"deposit successful message displayed.","level":"info"}
{"message":"transaction button clicked.","level":"info"}
{"message":"Table contents are present.","level":"info"}
{"message":"Bank Application Launch URL.","level":"info"}
{"message":"Customer Login Button clicked.","level":"info"}
{"message":"Name of Customer Harry Potter is selected.","level":"info"}
{"message":"Customer Login button clicked.","level":"info"}
{"message":"Account number 1004 is clicked.","level":"info"}
{"message":"Account number 1005 is clicked.","level":"info"}
{"message":"Account number 1006 is clicked.","level":"info"}
{"message":"Transaction detail is empty.","level":"info"}
{"message":"Back Button is clicked.","level":"info"}
{"message":"Account number 1006 is clicked.","level":"info"}
{"message":"Deposit button is clicked.","level":"info"}
{"message":"deposit amount added.","level":"info"}
{"message":"deposit submit button is clicked.","level":"info"}
{"message":"deposit successful message displayed.","level":"info"}
{"message":"transaction button clicked.","level":"info"}
{"message":"Table contents are present.","level":"info"}
{"message":"Bank Application Launch URL.","level":"info"}
{"message":"Customer Login Button clicked.","level":"info"}
{"message":"Name of Customer Harry Potter is selected.","level":"info"}
{"message":"Customer Login button clicked.","level":"info"}
{"message":"Account number 1004 is clicked.","level":"info"}
{"message":"Account number 1005 is clicked.","level":"info"}
{"message":"Account number 1006 is clicked.","level":"info"}
{"message":"Transaction detail is empty.","level":"info"}
{"message":"Back Button is clicked.","level":"info"}
{"message":"Account number 1006 is clicked.","level":"info"}
{"message":"Deposit button is clicked.","level":"info"}
{"message":"deposit amount added.","level":"info"}
{"message":"deposit submit button is clicked.","level":"info"}
{"message":"deposit successful message displayed.","level":"info"}
{"message":"transaction button clicked.","level":"info"}
{"message":"Table contents are present.","level":"info"}
{"message":"Bank Application Launch URL.","level":"info"}
{"message":"Customer Login Button clicked.","level":"info"}
{"message":"Name of Customer Harry Potter is selected.","level":"info"}
{"message":"Customer Login button clicked.","level":"info"}
{"message":"Account number 1004 is clicked.","level":"info"}
{"message":"Account number 1005 is clicked.","level":"info"}
{"message":"Account number 1006 is clicked.","level":"info"}
{"message":"Transaction detail is empty.","level":"info"}
{"message":"Back Button is clicked.","level":"info"}
{"message":"Account number 1006 is clicked.","level":"info"}
{"message":"Deposit button is clicked.","level":"info"}
{"message":"deposit amount added.","level":"info"}
{"message":"deposit submit button is clicked.","level":"info"}
{"message":"deposit successful message displayed.","level":"info"}
{"message":"transaction button clicked.","level":"info"}
{"message":"Table contents are present.","level":"info"}
{"message":"Bank Application Launch URL.","level":"info"}
{"message":"Customer Login Button clicked.","level":"info"}
{"message":"Name of Customer Harry Potter is selected.","level":"info"}
{"message":"Customer Login button clicked.","level":"info"}
{"message":"Account number 1004 is clicked.","level":"info"}
{"message":"Account number 1005 is clicked.","level":"info"}
{"message":"Account number 1006 is clicked.","level":"info"}
{"message":"Transaction detail is empty.","level":"info"}
{"message":"Back Button is clicked.","level":"info"}
{"message":"Account number 1006 is clicked.","level":"info"}
{"message":"Deposit button is clicked.","level":"info"}
{"message":"deposit amount added.","level":"info"}
{"message":"deposit submit button is clicked.","level":"info"}
{"message":"deposit successful message displayed.","level":"info"}
{"message":"transaction button clicked.","level":"info"}
{"message":"Bank Application Launch URL.","level":"info"}
{"message":"Customer Login Button clicked.","level":"info"}
{"message":"Name of Customer Harry Potter is selected.","level":"info"}
{"message":"Customer Login button clicked.","level":"info"}
{"message":"Account number 1004 is clicked.","level":"info"}
{"message":"Account number 1005 is clicked.","level":"info"}
{"message":"Account number 1006 is clicked.","level":"info"}
{"message":"Transaction detail is empty.","level":"info"}
{"message":"Back Button is clicked.","level":"info"}
{"message":"Account number 1006 is clicked.","level":"info"}
{"message":"Deposit button is clicked.","level":"info"}
{"message":"deposit amount added.","level":"info"}
{"message":"deposit submit button is clicked.","level":"info"}
{"message":"deposit successful message displayed.","level":"info"}
{"message":"transaction button clicked.","level":"info"}
{"message":"Bank Application Launch URL.","level":"info"}
{"message":"Customer Login Button clicked.","level":"info"}
{"message":"Name of Customer Harry Potter is selected.","level":"info"}
{"message":"Customer Login button clicked.","level":"info"}
{"message":"Account number 1004 is clicked.","level":"info"}
{"message":"Account number 1005 is clicked.","level":"info"}
{"message":"Account number 1006 is clicked.","level":"info"}
{"message":"Transaction detail is empty.","level":"info"}
{"message":"Back Button is clicked.","level":"info"}
{"message":"Account number 1006 is clicked.","level":"info"}
{"message":"Deposit button is clicked.","level":"info"}
{"message":"deposit amount added.","level":"info"}
{"message":"deposit submit button is clicked.","level":"info"}
{"message":"deposit successful message displayed.","level":"info"}
{"message":"transaction button clicked.","level":"info"}
{"message":"Bank Application Launch URL.","level":"info"}
{"message":"Customer Login Button clicked.","level":"info"}
{"message":"Name of Customer Harry Potter is selected.","level":"info"}
{"message":"Customer Login button clicked.","level":"info"}
{"message":"Account number 1004 is clicked.","level":"info"}
{"message":"Account number 1005 is clicked.","level":"info"}
{"message":"Account number 1006 is clicked.","level":"info"}
{"message":"Transaction detail is empty.","level":"info"}
{"message":"Back Button is clicked.","level":"info"}
{"message":"Account number 1006 is clicked.","level":"info"}
{"message":"Deposit button is clicked.","level":"info"}
{"message":"deposit amount added.","level":"info"}
{"message":"deposit submit button is clicked.","level":"info"}
{"message":"deposit successful message displayed.","level":"info"}
{"message":"transaction button clicked.","level":"info"}
{"message":"Bank Application Launch URL.","level":"info"}
{"message":"Customer Login Button clicked.","level":"info"}
{"message":"Name of Customer Harry Potter is selected.","level":"info"}
{"message":"Customer Login button clicked.","level":"info"}
{"message":"Account number 1004 is clicked.","level":"info"}
{"message":"Account number 1005 is clicked.","level":"info"}
{"message":"Account number 1006 is clicked.","level":"info"}
{"message":"Transaction detail is empty.","level":"info"}
{"message":"Back Button is clicked.","level":"info"}
{"message":"Account number 1006 is clicked.","level":"info"}
{"message":"Deposit button is clicked.","level":"info"}
{"message":"deposit amount added.","level":"info"}
{"message":"deposit submit button is clicked.","level":"info"}
{"message":"deposit successful message displayed.","level":"info"}
{"message":"transaction button clicked.","level":"info"}
{"message":"Bank Application Launch URL.","level":"info"}
{"message":"Customer Login Button clicked.","level":"info"}
{"message":"Name of Customer Harry Potter is selected.","level":"info"}
{"message":"Customer Login button clicked.","level":"info"}
{"message":"Account number 1004 is clicked.","level":"info"}
{"message":"Account number 1005 is clicked.","level":"info"}
{"message":"Account number 1006 is clicked.","level":"info"}
{"message":"Transaction detail is empty.","level":"info"}
{"message":"Back Button is clicked.","level":"info"}
{"message":"Account number 1006 is clicked.","level":"info"}
{"message":"Deposit button is clicked.","level":"info"}
{"message":"deposit amount added.","level":"info"}
{"message":"deposit submit button is clicked.","level":"info"}
{"message":"deposit successful message displayed.","level":"info"}
{"message":"transaction button clicked.","level":"info"}
{"message":"Bank Application Launch URL.","level":"info"}
{"message":"Customer Login Button clicked.","level":"info"}
{"message":"Name of Customer Harry Potter is selected.","level":"info"}
{"message":"Customer Login button clicked.","level":"info"}
{"message":"Account number 1004 is clicked.","level":"info"}
{"message":"Account number 1005 is clicked.","level":"info"}
{"message":"Account number 1006 is clicked.","level":"info"}
{"message":"Transaction detail is empty.","level":"info"}
{"message":"Back Button is clicked.","level":"info"}
{"message":"Account number 1006 is clicked.","level":"info"}
{"message":"Deposit button is clicked.","level":"info"}
{"message":"deposit amount added.","level":"info"}
{"message":"deposit submit button is clicked.","level":"info"}
{"message":"deposit successful message displayed.","level":"info"}
{"message":"transaction button clicked.","level":"info"}
{"message":"Table contents are present.","level":"info"}
{"message":"Bank Application Launch URL.","level":"info"}
{"message":"Customer Login Button clicked.","level":"info"}
{"message":"Name of Customer Harry Potter is selected.","level":"info"}
{"message":"Customer Login button clicked.","level":"info"}
{"message":"Account number 1004 is clicked.","level":"info"}
{"message":"Account number 1005 is clicked.","level":"info"}
{"message":"Account number 1006 is clicked.","level":"info"}
{"message":"Transaction detail is empty.","level":"info"}
{"message":"Back Button is clicked.","level":"info"}
{"message":"Account number 1006 is clicked.","level":"info"}
{"message":"Deposit button is clicked.","level":"info"}
{"message":"deposit amount added.","level":"info"}
{"message":"deposit submit button is clicked.","level":"info"}
{"message":"deposit successful message displayed.","level":"info"}
{"message":"transaction button clicked.","level":"info"}
{"message":"Table contents are present.","level":"info"}
{"message":"Bank Application Launch URL.","level":"info"}
{"message":"Customer Login Button clicked.","level":"info"}
{"message":"Name of Customer Harry Potter is selected.","level":"info"}
{"message":"Customer Login button clicked.","level":"info"}
{"message":"Account number 1004 is clicked.","level":"info"}
{"message":"Account number 1005 is clicked.","level":"info"}
{"message":"Account number 1006 is clicked.","level":"info"}
{"message":"Transaction detail is empty.","level":"info"}
{"message":"Back Button is clicked.","level":"info"}
{"message":"Account number 1006 is clicked.","level":"info"}
{"message":"Deposit button is clicked.","level":"info"}
{"message":"deposit amount added.","level":"info"}
{"message":"deposit submit button is clicked.","level":"info"}
{"message":"deposit successful message displayed.","level":"info"}
{"message":"transaction button clicked.","level":"info"}
{"message":"Bank Application Launch URL.","level":"info"}
{"message":"Customer Login Button clicked.","level":"info"}
{"message":"Name of Customer Harry Potter is selected.","level":"info"}
{"message":"Customer Login button clicked.","level":"info"}
{"message":"Account number 1004 is clicked.","level":"info"}
{"message":"Account number 1005 is clicked.","level":"info"}
{"message":"Account number 1006 is clicked.","level":"info"}
{"message":"Transaction detail is empty.","level":"info"}
{"message":"Back Button is clicked.","level":"info"}
{"message":"Account number 1006 is clicked.","level":"info"}
{"message":"Deposit button is clicked.","level":"info"}
{"message":"deposit amount added.","level":"info"}
{"message":"deposit submit button is clicked.","level":"info"}
{"message":"deposit successful message displayed.","level":"info"}
{"message":"transaction button clicked.","level":"info"}
{"message":"Bank Application Launch URL.","level":"info"}
{"message":"Customer Login Button clicked.","level":"info"}
{"message":"Name of Customer Harry Potter is selected.","level":"info"}
{"message":"Customer Login button clicked.","level":"info"}
{"message":"Account number 1004 is clicked.","level":"info"}
{"message":"Account number 1005 is clicked.","level":"info"}
{"message":"Account number 1006 is clicked.","level":"info"}
{"message":"Transaction detail is empty.","level":"info"}
{"message":"Back Button is clicked.","level":"info"}
{"message":"Account number 1006 is clicked.","level":"info"}
{"message":"Deposit button is clicked.","level":"info"}
{"message":"deposit amount added.","level":"info"}
{"message":"deposit submit button is clicked.","level":"info"}
{"message":"deposit successful message displayed.","level":"info"}
{"message":"transaction button clicked.","level":"info"}
{"message":"Bank Application Launch URL.","level":"info"}
{"message":"Customer Login Button clicked.","level":"info"}
{"message":"Name of Customer Harry Potter is selected.","level":"info"}
{"message":"Customer Login button clicked.","level":"info"}
{"message":"Account number 1004 is clicked.","level":"info"}
{"message":"Account number 1005 is clicked.","level":"info"}
{"message":"Account number 1006 is clicked.","level":"info"}
{"message":"Transaction detail is empty.","level":"info"}
{"message":"Back Button is clicked.","level":"info"}
{"message":"Account number 1006 is clicked.","level":"info"}
{"message":"Deposit button is clicked.","level":"info"}
{"message":"deposit amount added.","level":"info"}
{"message":"deposit submit button is clicked.","level":"info"}
{"message":"deposit successful message displayed.","level":"info"}
{"message":"transaction button clicked.","level":"info"}
{"message":"Bank Application Launch URL.","level":"info"}
{"message":"Customer Login Button clicked.","level":"info"}
{"message":"Name of Customer Harry Potter is selected.","level":"info"}
{"message":"Customer Login button clicked.","level":"info"}
{"message":"Account number 1004 is clicked.","level":"info"}
{"message":"Account number 1005 is clicked.","level":"info"}
{"message":"Account number 1006 is clicked.","level":"info"}
{"message":"Transaction detail is empty.","level":"info"}
{"message":"Back Button is clicked.","level":"info"}
{"message":"Account number 1006 is clicked.","level":"info"}
{"message":"Deposit button is clicked.","level":"info"}
{"message":"deposit amount added.","level":"info"}
{"message":"deposit submit button is clicked.","level":"info"}
{"message":"deposit successful message displayed.","level":"info"}
{"message":"transaction button clicked.","level":"info"}
{"message":"Table contents are present.","level":"info"}
{"message":"Bank Application Launch URL.","level":"info"}
{"message":"Customer Login Button clicked.","level":"info"}
{"message":"Name of Customer Harry Potter is selected.","level":"info"}
{"message":"Customer Login button clicked.","level":"info"}
{"message":"Account number 1004 is clicked.","level":"info"}
{"message":"Account number 1005 is clicked.","level":"info"}
{"message":"Account number 1006 is clicked.","level":"info"}
{"message":"Transaction detail is empty.","level":"info"}
{"message":"Back Button is clicked.","level":"info"}
{"message":"Account number 1006 is clicked.","level":"info"}
{"message":"Deposit button is clicked.","level":"info"}
{"message":"deposit amount added.","level":"info"}
{"message":"deposit submit button is clicked.","level":"info"}
{"message":"deposit successful message displayed.","level":"info"}
{"message":"transaction button clicked.","level":"info"}
{"message":"Table contents are present.","level":"info"}
{"message":"Bank Application Launch URL.","level":"info"}
{"message":"Customer Login Button clicked.","level":"info"}
{"message":"Name of Customer Harry Potter is selected.","level":"info"}
{"message":"Customer Login button clicked.","level":"info"}
{"message":"Account number 1004 is clicked.","level":"info"}
{"message":"Account number 1005 is clicked.","level":"info"}
{"message":"Account number 1006 is clicked.","level":"info"}
{"message":"Transaction detail is empty.","level":"info"}
{"message":"Back Button is clicked.","level":"info"}
{"message":"Account number 1006 is clicked.","level":"info"}
{"message":"Deposit button is clicked.","level":"info"}
{"message":"deposit amount added.","level":"info"}
{"message":"deposit submit button is clicked.","level":"info"}
{"message":"deposit successful message displayed.","level":"info"}
{"message":"transaction button clicked.","level":"info"}
{"message":"Bank Application Launch URL.","level":"info"}
{"message":"Customer Login Button clicked.","level":"info"}
{"message":"Name of Customer Harry Potter is selected.","level":"info"}
{"message":"Customer Login button clicked.","level":"info"}
{"message":"Account number 1004 is clicked.","level":"info"}
{"message":"Account number 1005 is clicked.","level":"info"}
{"message":"Account number 1006 is clicked.","level":"info"}
{"message":"Transaction detail is empty.","level":"info"}
{"message":"Back Button is clicked.","level":"info"}
{"message":"Account number 1006 is clicked.","level":"info"}
{"message":"Deposit button is clicked.","level":"info"}
{"message":"deposit amount added.","level":"info"}
{"message":"deposit submit button is clicked.","level":"info"}
{"message":"deposit successful message displayed.","level":"info"}
{"message":"transaction button clicked.","level":"info"}
{"message":"Table contents are present.","level":"info"}
{"message":"Bank Application Launch URL.","level":"info"}
{"message":"Customer Login Button clicked.","level":"info"}
{"message":"Name of Customer Harry Potter is selected.","level":"info"}
{"message":"Customer Login button clicked.","level":"info"}
{"message":"Account number 1004 is clicked.","level":"info"}
{"message":"Account number 1005 is clicked.","level":"info"}
{"message":"Account number 1006 is clicked.","level":"info"}
{"message":"Transaction detail is empty.","level":"info"}
{"message":"Back Button is clicked.","level":"info"}
{"message":"Account number 1006 is clicked.","level":"info"}
{"message":"Deposit button is clicked.","level":"info"}
{"message":"deposit amount added.","level":"info"}
{"message":"deposit submit button is clicked.","level":"info"}
{"message":"deposit successful message displayed.","level":"info"}
{"message":"transaction button clicked.","level":"info"}
{"message":"Table contents are present.","level":"info"}
{"message":"Bank Application Launch URL.","level":"info"}
{"message":"Customer Login Button clicked.","level":"info"}
{"message":"Name of Customer Harry Potter is selected.","level":"info"}
{"message":"Customer Login button clicked.","level":"info"}
{"message":"Account number 1004 is clicked.","level":"info"}
{"message":"Account number 1005 is clicked.","level":"info"}
{"message":"Account number 1006 is clicked.","level":"info"}
{"message":"Transaction detail is empty.","level":"info"}
{"message":"Back Button is clicked.","level":"info"}
{"message":"Account number 1006 is clicked.","level":"info"}
{"message":"Deposit button is clicked.","level":"info"}
{"message":"deposit amount added.","level":"info"}
{"message":"deposit submit button is clicked.","level":"info"}
{"message":"deposit successful message displayed.","level":"info"}
{"message":"transaction button clicked.","level":"info"}
{"message":"Table contents are present.","level":"info"}
{"message":"Bank Application Launch URL.","level":"info"}
{"message":"Customer Login Button clicked.","level":"info"}
{"message":"Name of Customer Harry Potter is selected.","level":"info"}
{"message":"Customer Login button clicked.","level":"info"}
{"message":"Account number 1004 is clicked.","level":"info"}
{"message":"Account number 1005 is clicked.","level":"info"}
{"message":"Account number 1006 is clicked.","level":"info"}
{"message":"Transaction detail is empty.","level":"info"}
{"message":"Back Button is clicked.","level":"info"}
{"message":"Account number 1006 is clicked.","level":"info"}
{"message":"Deposit button is clicked.","level":"info"}
{"message":"deposit amount added.","level":"info"}
{"message":"deposit submit button is clicked.","level":"info"}
{"message":"deposit successful message displayed.","level":"info"}
{"message":"transaction button clicked.","level":"info"}
{"message":"Table contents are present.","level":"info"}
{"message":"Bank Application Launch URL.","level":"info"}
{"message":"Customer Login Button clicked.","level":"info"}
{"message":"Name of Customer Harry Potter is selected.","level":"info"}
{"message":"Customer Login button clicked.","level":"info"}
{"message":"Account number 1004 is clicked.","level":"info"}
{"message":"Account number 1005 is clicked.","level":"info"}
{"message":"Account number 1006 is clicked.","level":"info"}
{"message":"Transaction detail is empty.","level":"info"}
{"message":"Back Button is clicked.","level":"info"}
{"message":"Account number 1006 is clicked.","level":"info"}
{"message":"Deposit button is clicked.","level":"info"}
{"message":"deposit amount added.","level":"info"}
{"message":"deposit submit button is clicked.","level":"info"}
{"message":"deposit successful message displayed.","level":"info"}
{"message":"transaction button clicked.","level":"info"}
{"message":"Table contents are present.","level":"info"}
{"message":"Bank Application Launch URL.","level":"info"}
{"message":"Customer Login Button clicked.","level":"info"}
{"message":"Name of Customer Harry Potter is selected.","level":"info"}
{"message":"Customer Login button clicked.","level":"info"}
{"message":"Account number 1004 is clicked.","level":"info"}
{"message":"Account number 1005 is clicked.","level":"info"}
{"message":"Account number 1006 is clicked.","level":"info"}
{"message":"Transaction detail is empty.","level":"info"}
{"message":"Back Button is clicked.","level":"info"}
{"message":"Account number 1006 is clicked.","level":"info"}
{"message":"Deposit button is clicked.","level":"info"}
{"message":"deposit amount added.","level":"info"}
{"message":"deposit submit button is clicked.","level":"info"}
{"message":"deposit successful message displayed.","level":"info"}
{"message":"transaction button clicked.","level":"info"}
{"message":"Table contents are present.","level":"info"}
{"message":"Bank Application Launch URL.","level":"info"}
{"message":"Customer Login Button clicked.","level":"info"}
{"message":"Name of Customer Harry Potter is selected.","level":"info"}
{"message":"Customer Login button clicked.","level":"info"}
{"message":"Account number 1004 is clicked.","level":"info"}
{"message":"Account number 1005 is clicked.","level":"info"}
{"message":"Account number 1006 is clicked.","level":"info"}
{"message":"Transaction detail is empty.","level":"info"}
{"message":"Back Button is clicked.","level":"info"}
{"message":"Account number 1006 is clicked.","level":"info"}
{"message":"Deposit button is clicked.","level":"info"}
{"message":"deposit amount added.","level":"info"}
{"message":"deposit submit button is clicked.","level":"info"}
{"message":"deposit successful message displayed.","level":"info"}
{"message":"transaction button clicked.","level":"info"}
{"message":"Table contents are present.","level":"info"}
{"message":"Bank Application Launch URL.","level":"info"}
{"message":"Customer Login Button clicked.","level":"info"}
{"message":"Name of Customer Harry Potter is selected.","level":"info"}
{"message":"Customer Login button clicked.","level":"info"}
{"message":"Account number 1004 is clicked.","level":"info"}
{"message":"Account number 1005 is clicked.","level":"info"}
{"message":"Account number 1006 is clicked.","level":"info"}
{"message":"Transaction detail is empty.","level":"info"}
{"message":"Back Button is clicked.","level":"info"}
{"message":"Account number 1006 is clicked.","level":"info"}
{"message":"Deposit button is clicked.","level":"info"}
{"message":"deposit amount added.","level":"info"}
{"message":"deposit submit button is clicked.","level":"info"}
{"message":"deposit successful message displayed.","level":"info"}
{"message":"transaction button clicked.","level":"info"}
{"message":"Table contents are present.","level":"info"}
{"message":"Bank Application Launch URL.","level":"info"}
{"message":"Customer Login Button clicked.","level":"info"}
{"message":"Name of Customer Harry Potter is selected.","level":"info"}
{"message":"Customer Login button clicked.","level":"info"}
{"message":"Account number 1004 is clicked.","level":"info"}
{"message":"Account number 1005 is clicked.","level":"info"}
{"message":"Account number 1006 is clicked.","level":"info"}
{"message":"Transaction detail is empty.","level":"info"}
{"message":"Back Button is clicked.","level":"info"}
{"message":"Account number 1006 is clicked.","level":"info"}
{"message":"Deposit button is clicked.","level":"info"}
{"message":"deposit amount added.","level":"info"}
{"message":"deposit submit button is clicked.","level":"info"}
{"message":"deposit successful message displayed.","level":"info"}
{"message":"transaction button clicked.","level":"info"}
{"message":"Table contents are present.","level":"info"}
{"message":"Amount value is 2000.","level":"info"}
{"message":"Bank Application Launch URL.","level":"info"}
{"message":"Customer Login Button clicked.","level":"info"}
{"message":"Name of Customer Harry Potter is selected.","level":"info"}
{"message":"Customer Login button clicked.","level":"info"}
{"message":"Account number 1004 is clicked.","level":"info"}
{"message":"Account number 1005 is clicked.","level":"info"}
{"message":"Account number 1006 is clicked.","level":"info"}
{"message":"Transaction detail is empty.","level":"info"}
{"message":"Back Button is clicked.","level":"info"}
{"message":"Account number 1006 is clicked.","level":"info"}
{"message":"Deposit button is clicked.","level":"info"}
{"message":"deposit amount added.","level":"info"}
{"message":"deposit submit button is clicked.","level":"info"}
{"message":"deposit successful message displayed.","level":"info"}
{"message":"transaction button clicked.","level":"info"}
{"message":"Table contents are present.","level":"info"}
{"message":"Amount value is 2000.","level":"info"}
{"message":"Bank Application Launch URL.","level":"info"}
{"message":"Customer Login Button clicked.","level":"info"}
{"message":"Name of Customer Harry Potter is selected.","level":"info"}
{"message":"Customer Login button clicked.","level":"info"}
{"message":"Account number 1004 is clicked.","level":"info"}
{"message":"Account number 1005 is clicked.","level":"info"}
{"message":"Account number 1006 is clicked.","level":"info"}
{"message":"Transaction detail is empty.","level":"info"}
{"message":"Back Button is clicked.","level":"info"}
{"message":"Account number 1006 is clicked.","level":"info"}
{"message":"Deposit button is clicked.","level":"info"}
{"message":"deposit amount added.","level":"info"}
{"message":"deposit submit button is clicked.","level":"info"}
{"message":"deposit successful message displayed.","level":"info"}
{"message":"transaction button clicked.","level":"info"}
{"message":"Table contents are present.","level":"info"}
{"message":"Amount value is 2000.","level":"info"}
{"message":"Bank Application Launch URL.","level":"info"}
{"message":"Customer Login Button clicked.","level":"info"}
{"message":"Name of Customer Harry Potter is selected.","level":"info"}
{"message":"Customer Login button clicked.","level":"info"}
{"message":"Account number 1004 is clicked.","level":"info"}
{"message":"Account number 1005 is clicked.","level":"info"}
{"message":"Account number 1006 is clicked.","level":"info"}
{"message":"Transaction detail is empty.","level":"info"}
{"message":"Back Button is clicked.","level":"info"}
{"message":"Account number 1006 is clicked.","level":"info"}
{"message":"Deposit button is clicked.","level":"info"}
{"message":"deposit amount added.","level":"info"}
{"message":"deposit submit button is clicked.","level":"info"}
{"message":"deposit successful message displayed.","level":"info"}
{"message":"transaction button clicked.","level":"info"}
{"message":"Table contents are present.","level":"info"}
{"message":"Amount value is 2000.","level":"info"}
{"message":"Bank Application Launch URL.","level":"info"}
{"message":"Customer Login Button clicked.","level":"info"}
{"message":"Name of Customer Harry Potter is selected.","level":"info"}
{"message":"Customer Login button clicked.","level":"info"}
{"message":"Account number 1004 is clicked.","level":"info"}
{"message":"Account number 1005 is clicked.","level":"info"}
{"message":"Account number 1006 is clicked.","level":"info"}
{"message":"Transaction detail is empty.","level":"info"}
{"message":"Back Button is clicked.","level":"info"}
{"message":"Account number 1006 is clicked.","level":"info"}
{"message":"Deposit button is clicked.","level":"info"}
{"message":"deposit amount added.","level":"info"}
{"message":"deposit submit button is clicked.","level":"info"}
{"message":"deposit successful message displayed.","level":"info"}
{"message":"transaction button clicked.","level":"info"}
{"message":"Table contents are present.","level":"info"}
{"message":"Amount value is 2000.","level":"info"}
{"message":"Bank Application Launch URL.","level":"info"}
{"message":"Customer Login Button clicked.","level":"info"}
{"message":"Name of Customer Harry Potter is selected.","level":"info"}
{"message":"Customer Login button clicked.","level":"info"}
{"message":"Account number 1004 is clicked.","level":"info"}
{"message":"Account number 1005 is clicked.","level":"info"}
{"message":"Account number 1006 is clicked.","level":"info"}
{"message":"Transaction detail is empty.","level":"info"}
{"message":"Back Button is clicked.","level":"info"}
{"message":"Account number 1006 is clicked.","level":"info"}
{"message":"Deposit button is clicked.","level":"info"}
{"message":"deposit amount added.","level":"info"}
{"message":"deposit submit button is clicked.","level":"info"}
{"message":"deposit successful message displayed.","level":"info"}
{"message":"transaction button clicked.","level":"info"}
{"message":"Table contents are present.","level":"info"}
{"message":"Amount value is 2000.","level":"info"}
{"message":"Bank Application Launch URL.","level":"info"}
{"message":"Customer Login Button clicked.","level":"info"}
{"message":"Name of Customer Harry Potter is selected.","level":"info"}
{"message":"Customer Login button clicked.","level":"info"}
{"message":"Account number 1004 is clicked.","level":"info"}
{"message":"Account number 1005 is clicked.","level":"info"}
{"message":"Account number 1006 is clicked.","level":"info"}
{"message":"Transaction detail is empty.","level":"info"}
{"message":"Back Button is clicked.","level":"info"}
{"message":"Account number 1006 is clicked.","level":"info"}
{"message":"Deposit button is clicked.","level":"info"}
{"message":"deposit amount added.","level":"info"}
{"message":"deposit submit button is clicked.","level":"info"}
{"message":"deposit successful message displayed.","level":"info"}
{"message":"transaction button clicked.","level":"info"}
{"message":"Table contents are present.","level":"info"}
{"message":"Amount value is 2000.","level":"info"}
{"message":"Bank Application Launch URL.","level":"info"}
{"message":"Customer Login Button clicked.","level":"info"}
{"message":"Name of Customer Harry Potter is selected.","level":"info"}
{"message":"Customer Login button clicked.","level":"info"}
{"message":"Account number 1004 is clicked.","level":"info"}
{"message":"Account number 1005 is clicked.","level":"info"}
{"message":"Account number 1006 is clicked.","level":"info"}
{"message":"Transaction detail is empty.","level":"info"}
{"message":"Back Button is clicked.","level":"info"}
{"message":"Account number 1006 is clicked.","level":"info"}
{"message":"Deposit button is clicked.","level":"info"}
{"message":"deposit amount added.","level":"info"}
{"message":"deposit submit button is clicked.","level":"info"}
{"message":"deposit successful message displayed.","level":"info"}
{"message":"transaction button clicked.","level":"info"}
{"message":"Table contents are present.","level":"info"}
{"message":"Amount value is 2000.","level":"info"}
{"message":"Bank Application Launch URL.","level":"info"}
{"message":"Customer Login Button clicked.","level":"info"}
{"message":"Name of Customer Harry Potter is selected.","level":"info"}
{"message":"Customer Login button clicked.","level":"info"}
{"message":"Account number 1004 is clicked.","level":"info"}
{"message":"Account number 1005 is clicked.","level":"info"}
{"message":"Account number 1006 is clicked.","level":"info"}
{"message":"Transaction detail is empty.","level":"info"}
{"message":"Back Button is clicked.","level":"info"}
{"message":"Account number 1006 is clicked.","level":"info"}
{"message":"Deposit button is clicked.","level":"info"}
{"message":"deposit amount added.","level":"info"}
{"message":"deposit submit button is clicked.","level":"info"}
{"message":"deposit successful message displayed.","level":"info"}
{"message":"transaction button clicked.","level":"info"}
{"message":"Table contents are present.","level":"info"}
{"message":"Amount value is 2000.","level":"info"}
{"message":"Bank Application Launch URL.","level":"info"}
{"message":"Customer Login Button clicked.","level":"info"}
{"message":"Name of Customer Harry Potter is selected.","level":"info"}
{"message":"Customer Login button clicked.","level":"info"}
{"message":"Account number 1004 is clicked.","level":"info"}
{"message":"Account number 1005 is clicked.","level":"info"}
{"message":"Account number 1006 is clicked.","level":"info"}
{"message":"Transaction detail is empty.","level":"info"}
{"message":"Back Button is clicked.","level":"info"}
{"message":"Account number 1006 is clicked.","level":"info"}
{"message":"Deposit button is clicked.","level":"info"}
{"message":"deposit amount added.","level":"info"}
{"message":"deposit submit button is clicked.","level":"info"}
{"message":"Bank Application Launch URL.","level":"info"}
{"message":"Customer Login Button clicked.","level":"info"}
{"message":"Name of Customer Harry Potter is selected.","level":"info"}
{"message":"Customer Login button clicked.","level":"info"}
{"message":"Account number 1004 is clicked.","level":"info"}
{"message":"Account number 1005 is clicked.","level":"info"}
{"message":"Account number 1006 is clicked.","level":"info"}
{"message":"Transaction detail is empty.","level":"info"}
{"message":"Back Button is clicked.","level":"info"}
{"message":"Account number 1006 is clicked.","level":"info"}
{"message":"Deposit button is clicked.","level":"info"}
{"message":"deposit amount added.","level":"info"}
{"message":"deposit submit button is clicked.","level":"info"}
{"message":"deposit successful message displayed.","level":"info"}
{"message":"transaction button clicked.","level":"info"}
{"message":"Bank Application Launch URL.","level":"info"}
{"message":"Customer Login Button clicked.","level":"info"}
{"message":"Name of Customer Harry Potter is selected.","level":"info"}
{"message":"Customer Login button clicked.","level":"info"}
{"message":"Account number 1004 is clicked.","level":"info"}
{"message":"Account number 1005 is clicked.","level":"info"}
{"message":"Account number 1006 is clicked.","level":"info"}
{"message":"Transaction detail is empty.","level":"info"}
{"message":"Back Button is clicked.","level":"info"}
{"message":"Account number 1006 is clicked.","level":"info"}
{"message":"Deposit button is clicked.","level":"info"}
{"message":"deposit amount added.","level":"info"}
{"message":"deposit submit button is clicked.","level":"info"}
{"message":"deposit successful message displayed.","level":"info"}
{"message":"transaction button clicked.","level":"info"}
{"message":"Bank Application Launch URL.","level":"info"}
{"message":"Customer Login Button clicked.","level":"info"}
{"message":"Name of Customer Harry Potter is selected.","level":"info"}
{"message":"Customer Login button clicked.","level":"info"}
{"message":"Account number 1004 is clicked.","level":"info"}
{"message":"Account number 1005 is clicked.","level":"info"}
{"message":"Account number 1006 is clicked.","level":"info"}
{"message":"Transaction detail is empty.","level":"info"}
{"message":"Back Button is clicked.","level":"info"}
{"message":"Account number 1006 is clicked.","level":"info"}
{"message":"Deposit button is clicked.","level":"info"}
{"message":"deposit amount added.","level":"info"}
{"message":"deposit submit button is clicked.","level":"info"}
{"message":"deposit successful message displayed.","level":"info"}
{"message":"transaction button clicked.","level":"info"}
{"message":"Bank Application Launch URL.","level":"info"}
{"message":"Customer Login Button clicked.","level":"info"}
{"message":"Name of Customer Harry Potter is selected.","level":"info"}
{"message":"Customer Login button clicked.","level":"info"}
{"message":"Account number 1004 is clicked.","level":"info"}
{"message":"Account number 1005 is clicked.","level":"info"}
{"message":"Account number 1006 is clicked.","level":"info"}
{"message":"Transaction detail is empty.","level":"info"}
{"message":"Back Button is clicked.","level":"info"}
{"message":"Account number 1006 is clicked.","level":"info"}
{"message":"Deposit button is clicked.","level":"info"}
{"message":"deposit amount added.","level":"info"}
{"message":"deposit submit button is clicked.","level":"info"}
{"message":"deposit successful message displayed.","level":"info"}
{"message":"transaction button clicked.","level":"info"}
{"message":"Bank Application Launch URL.","level":"info"}
{"message":"Customer Login Button clicked.","level":"info"}
{"message":"Name of Customer Harry Potter is selected.","level":"info"}
{"message":"Customer Login button clicked.","level":"info"}
{"message":"Account number 1004 is clicked.","level":"info"}
{"message":"Account number 1005 is clicked.","level":"info"}
{"message":"Account number 1006 is clicked.","level":"info"}
{"message":"Transaction detail is empty.","level":"info"}
{"message":"Back Button is clicked.","level":"info"}
{"message":"Account number 1006 is clicked.","level":"info"}
{"message":"Deposit button is clicked.","level":"info"}
{"message":"deposit amount added.","level":"info"}
{"message":"deposit submit button is clicked.","level":"info"}
{"message":"deposit successful message displayed.","level":"info"}
{"message":"transaction button clicked.","level":"info"}
{"message":"Bank Application Launch URL.","level":"info"}
{"message":"Customer Login Button clicked.","level":"info"}
{"message":"Name of Customer Harry Potter is selected.","level":"info"}
{"message":"Customer Login button clicked.","level":"info"}
{"message":"Account number 1004 is clicked.","level":"info"}
{"message":"Account number 1005 is clicked.","level":"info"}
{"message":"Account number 1006 is clicked.","level":"info"}
{"message":"Transaction detail is empty.","level":"info"}
{"message":"Back Button is clicked.","level":"info"}
{"message":"Account number 1006 is clicked.","level":"info"}
{"message":"Deposit button is clicked.","level":"info"}
{"message":"deposit amount added.","level":"info"}
{"message":"deposit submit button is clicked.","level":"info"}
{"message":"deposit successful message displayed.","level":"info"}
{"message":"transaction button clicked.","level":"info"}
{"message":"Account number 1006 is selected.","level":"info"}
{"message":"withdraw button is clicked.","level":"info"}
{"message":"Bank Application Launch URL.","level":"info"}
{"message":"Customer Login Button clicked.","level":"info"}
{"message":"Name of Customer Harry Potter is selected.","level":"info"}
{"message":"Customer Login button clicked.","level":"info"}
{"message":"Account number 1004 is clicked.","level":"info"}
{"message":"Account number 1005 is clicked.","level":"info"}
{"message":"Account number 1006 is clicked.","level":"info"}
{"message":"Transaction detail is empty.","level":"info"}
{"message":"Back Button is clicked.","level":"info"}
{"message":"Account number 1006 is clicked.","level":"info"}
{"message":"Deposit button is clicked.","level":"info"}
{"message":"deposit amount added.","level":"info"}
{"message":"deposit submit button is clicked.","level":"info"}
{"message":"deposit successful message displayed.","level":"info"}
{"message":"transaction button clicked.","level":"info"}
{"message":"Account number 1006 is selected.","level":"info"}
{"message":"withdraw button is clicked.","level":"info"}
{"message":"withdraw amount entered.","level":"info"}
{"message":"Withdraw button clicked.","level":"info"}
{"message":"Error Message Displayed.","level":"info"}
{"message":"Bank Application Launch URL.","level":"info"}
{"message":"Customer Login Button clicked.","level":"info"}
{"message":"Name of Customer Harry Potter is selected.","level":"info"}
{"message":"Customer Login button clicked.","level":"info"}
{"message":"Account number 1004 is clicked.","level":"info"}
{"message":"Account number 1005 is clicked.","level":"info"}
{"message":"Account number 1006 is clicked.","level":"info"}
{"message":"Transaction detail is empty.","level":"info"}
{"message":"Back Button is clicked.","level":"info"}
{"message":"Account number 1006 is clicked.","level":"info"}
{"message":"Deposit button is clicked.","level":"info"}
{"message":"deposit amount added.","level":"info"}
{"message":"deposit submit button is clicked.","level":"info"}
{"message":"deposit successful message displayed.","level":"info"}
{"message":"transaction button clicked.","level":"info"}
{"message":"Account number 1006 is selected.","level":"info"}
{"message":"withdraw button is clicked.","level":"info"}
{"message":"withdraw amount entered.","level":"info"}
{"message":"Withdraw button clicked.","level":"info"}
{"message":"Error Message Displayed.","level":"info"}
{"message":"1000 amount entered in withrawal","level":"info"}
{"message":"Withdrawl Button clicked.","level":"info"}
{"message":"Bank Application Launch URL.","level":"info"}
{"message":"Customer Login Button clicked.","level":"info"}
{"message":"Name of Customer Harry Potter is selected.","level":"info"}
{"message":"Customer Login button clicked.","level":"info"}
{"message":"Account number 1004 is clicked.","level":"info"}
{"message":"Account number 1005 is clicked.","level":"info"}
{"message":"Account number 1006 is clicked.","level":"info"}
{"message":"Transaction detail is empty.","level":"info"}
{"message":"Back Button is clicked.","level":"info"}
{"message":"Account number 1006 is clicked.","level":"info"}
{"message":"Deposit button is clicked.","level":"info"}
{"message":"deposit amount added.","level":"info"}
{"message":"deposit submit button is clicked.","level":"info"}
{"message":"deposit successful message displayed.","level":"info"}
{"message":"transaction button clicked.","level":"info"}
{"message":"Account number 1006 is selected.","level":"info"}
{"message":"withdraw button is clicked.","level":"info"}
{"message":"withdraw amount entered.","level":"info"}
{"message":"Withdraw button clicked.","level":"info"}
{"message":"Error Message Displayed.","level":"info"}
{"message":"1000 amount entered in withrawal","level":"info"}
{"message":"Withdrawl Button clicked.","level":"info"}
{"message":"Transaction Successful","level":"info"}
{"message":"Bank Application Launch URL.","level":"info"}
{"message":"Customer Login Button clicked.","level":"info"}
{"message":"Name of Customer Harry Potter is selected.","level":"info"}
{"message":"Customer Login button clicked.","level":"info"}
{"message":"Account number 1004 is clicked.","level":"info"}
{"message":"Account number 1005 is clicked.","level":"info"}
{"message":"Account number 1006 is clicked.","level":"info"}
{"message":"Transaction detail is empty.","level":"info"}
{"message":"Back Button is clicked.","level":"info"}
{"message":"Account number 1006 is clicked.","level":"info"}
{"message":"Deposit button is clicked.","level":"info"}
{"message":"deposit amount added.","level":"info"}
{"message":"deposit submit button is clicked.","level":"info"}
{"message":"deposit successful message displayed.","level":"info"}
{"message":"transaction button clicked.","level":"info"}
{"message":"Account number 1006 is selected.","level":"info"}
{"message":"withdraw button is clicked.","level":"info"}
{"message":"withdraw amount entered.","level":"info"}
{"message":"Withdraw button clicked.","level":"info"}
{"message":"Error Message Displayed.","level":"info"}
{"message":"1000 amount entered in withrawal","level":"info"}
{"message":"Withdrawl Button clicked.","level":"info"}
{"message":"Transaction Successful","level":"info"}
{"message":"Bank Application Launch URL.","level":"info"}
{"message":"Customer Login Button clicked.","level":"info"}
{"message":"Name of Customer Harry Potter is selected.","level":"info"}
{"message":"Customer Login button clicked.","level":"info"}
{"message":"Account number 1004 is clicked.","level":"info"}
{"message":"Account number 1005 is clicked.","level":"info"}
{"message":"Account number 1006 is clicked.","level":"info"}
{"message":"Transaction detail is empty.","level":"info"}
{"message":"Back Button is clicked.","level":"info"}
{"message":"Account number 1006 is clicked.","level":"info"}
{"message":"Deposit button is clicked.","level":"info"}
{"message":"deposit amount added.","level":"info"}
{"message":"deposit submit button is clicked.","level":"info"}
{"message":"deposit successful message displayed.","level":"info"}
{"message":"transaction button clicked.","level":"info"}
{"message":"Account number 1006 is selected.","level":"info"}
{"message":"withdraw button is clicked.","level":"info"}
{"message":"withdraw amount entered.","level":"info"}
{"message":"Withdraw button clicked.","level":"info"}
{"message":"Error Message Displayed.","level":"info"}
{"message":"1000 amount entered in withrawal","level":"info"}
{"message":"Withdrawl Button clicked.","level":"info"}
{"message":"Transaction Successful","level":"info"}
{"message":"Bank Application Launch URL.","level":"info"}
{"message":"Customer Login Button clicked.","level":"info"}
{"message":"Name of Customer Harry Potter is selected.","level":"info"}
{"message":"Customer Login button clicked.","level":"info"}
{"message":"Account number 1004 is clicked.","level":"info"}
{"message":"Account number 1005 is clicked.","level":"info"}
{"message":"Account number 1006 is clicked.","level":"info"}
{"message":"Transaction detail is empty.","level":"info"}
{"message":"Back Button is clicked.","level":"info"}
{"message":"Account number 1006 is clicked.","level":"info"}
{"message":"Deposit button is clicked.","level":"info"}
{"message":"deposit amount added.","level":"info"}
{"message":"deposit submit button is clicked.","level":"info"}
{"message":"deposit successful message displayed.","level":"info"}
{"message":"transaction button clicked.","level":"info"}
{"message":"Account number 1006 is selected.","level":"info"}
{"message":"withdraw button is clicked.","level":"info"}
{"message":"withdraw amount entered.","level":"info"}
{"message":"Withdraw button clicked.","level":"info"}
{"message":"Error Message Displayed.","level":"info"}
{"message":"1000 amount entered in withrawal","level":"info"}
{"message":"Withdrawl Button clicked.","level":"info"}
{"message":"Transaction Successful","level":"info"}
{"message":"Transaction clicked after successful withdrawal.","level":"info"}
{"message":"Bank Application Launch URL.","level":"info"}
{"message":"Customer Login Button clicked.","level":"info"}
{"message":"Name of Customer Harry Potter is selected.","level":"info"}
{"message":"Customer Login button clicked.","level":"info"}
{"message":"Account number 1004 is clicked.","level":"info"}
{"message":"Account number 1005 is clicked.","level":"info"}
{"message":"Account number 1006 is clicked.","level":"info"}
{"message":"Transaction detail is empty.","level":"info"}
{"message":"Back Button is clicked.","level":"info"}
{"message":"Account number 1006 is clicked.","level":"info"}
{"message":"Deposit button is clicked.","level":"info"}
{"message":"deposit amount added.","level":"info"}
{"message":"deposit submit button is clicked.","level":"info"}
{"message":"deposit successful message displayed.","level":"info"}
{"message":"transaction button clicked.","level":"info"}
{"message":"Account number 1006 is selected.","level":"info"}
{"message":"withdraw button is clicked.","level":"info"}
{"message":"withdraw amount entered.","level":"info"}
{"message":"Withdraw button clicked.","level":"info"}
{"message":"Error Message Displayed.","level":"info"}
{"message":"1000 amount entered in withrawal","level":"info"}
{"message":"Withdrawl Button clicked.","level":"info"}
{"message":"Transaction Successful","level":"info"}
{"message":"Transaction clicked after successful withdrawal.","level":"info"}
{"message":"Bank Application Launch URL.","level":"info"}
{"message":"Customer Login Button clicked.","level":"info"}
{"message":"Name of Customer Harry Potter is selected.","level":"info"}
{"message":"Customer Login button clicked.","level":"info"}
{"message":"Account number 1004 is clicked.","level":"info"}
{"message":"Account number 1005 is clicked.","level":"info"}
{"message":"Account number 1006 is clicked.","level":"info"}
{"message":"Transaction detail is empty.","level":"info"}
{"message":"Back Button is clicked.","level":"info"}
{"message":"Account number 1006 is clicked.","level":"info"}
{"message":"Deposit button is clicked.","level":"info"}
{"message":"deposit amount added.","level":"info"}
{"message":"deposit submit button is clicked.","level":"info"}
{"message":"deposit successful message displayed.","level":"info"}
{"message":"transaction button clicked.","level":"info"}
{"message":"Account number 1006 is selected.","level":"info"}
{"message":"withdraw button is clicked.","level":"info"}
{"message":"withdraw amount entered.","level":"info"}
{"message":"Withdraw button clicked.","level":"info"}
{"message":"Error Message Displayed.","level":"info"}
{"message":"1000 amount entered in withrawal","level":"info"}
{"message":"Withdrawl Button clicked.","level":"info"}
{"message":"Transaction Successful","level":"info"}
{"message":"Transaction clicked after successful withdrawal.","level":"info"}
{"message":"Bank Application Launch URL.","level":"info"}
{"message":"Customer Login Button clicked.","level":"info"}
{"message":"Name of Customer Harry Potter is selected.","level":"info"}
{"message":"Customer Login button clicked.","level":"info"}
{"message":"Account number 1004 is clicked.","level":"info"}
{"message":"Account number 1005 is clicked.","level":"info"}
{"message":"Account number 1006 is clicked.","level":"info"}
{"message":"Bank Application Launch URL.","level":"info"}
{"message":"Customer Login Button clicked.","level":"info"}
{"message":"Name of Customer Harry Potter is selected.","level":"info"}
{"message":"Customer Login button clicked.","level":"info"}
{"message":"Account number 1004 is clicked.","level":"info"}
{"message":"Account number 1005 is clicked.","level":"info"}
{"message":"Account number 1006 is clicked.","level":"info"}
{"message":"Transaction detail is empty.","level":"info"}
{"message":"Back Button is clicked.","level":"info"}
{"message":"Account number 1006 is clicked.","level":"info"}
{"message":"Deposit button is clicked.","level":"info"}
{"message":"deposit amount added.","level":"info"}
{"message":"deposit submit button is clicked.","level":"info"}
{"message":"deposit successful message displayed.","level":"info"}
{"message":"transaction button clicked.","level":"info"}
{"message":"Account number 1006 is selected.","level":"info"}
{"message":"withdraw button is clicked.","level":"info"}
{"message":"withdraw amount entered.","level":"info"}
{"message":"Withdraw button clicked.","level":"info"}
{"message":"Error Message Displayed.","level":"info"}
{"message":"1000 amount entered in withrawal","level":"info"}
{"message":"Withdrawl Button clicked.","level":"info"}
{"message":"Transaction Successful","level":"info"}
{"message":"Transaction clicked after successful withdrawal.","level":"info"}
{"message":"Bank Application Launch URL.","level":"info"}
{"message":"Customer Login Button clicked.","level":"info"}
{"message":"Name of Customer Harry Potter is selected.","level":"info"}
{"message":"Customer Login button clicked.","level":"info"}
{"message":"Account number 1004 is clicked.","level":"info"}
{"message":"Account number 1005 is clicked.","level":"info"}
{"message":"Account number 1006 is clicked.","level":"info"}
{"message":"Transaction detail is empty.","level":"info"}
{"message":"Back Button is clicked.","level":"info"}
{"message":"Account number 1006 is clicked.","level":"info"}
{"message":"Deposit button is clicked.","level":"info"}
{"message":"deposit amount added.","level":"info"}
{"message":"deposit submit button is clicked.","level":"info"}
{"message":"deposit successful message displayed.","level":"info"}
{"message":"transaction button clicked.","level":"info"}
{"message":"Account number 1006 is selected.","level":"info"}
{"message":"withdraw button is clicked.","level":"info"}
{"message":"withdraw amount entered.","level":"info"}
{"message":"Withdraw button clicked.","level":"info"}
{"message":"Error Message Displayed.","level":"info"}
{"message":"1000 amount entered in withrawal","level":"info"}
{"message":"Withdrawl Button clicked.","level":"info"}
{"message":"Transaction Successful","level":"info"}
{"message":"Transaction clicked after successful withdrawal.","level":"info"}
{"message":"transaction clicked after withdrawal.","level":"info"}
{"message":"reset button clicked.","level":"info"}
{"message":"transaction data is empty.","level":"info"}
{"message":"Customer Login is present.","level":"info"}
{"message":"Bank Manager is present.","level":"info"}
{"message":"Bank Manager Button clicked.","level":"info"}
{"message":"Add Customer is present.","level":"info"}
{"message":"Open Account is present.","level":"info"}
{"message":"Customers is present.","level":"info"}
{"message":"Customer data entered.","level":"info"}
